<?xml version="1.0" encoding="UTF-8"?>
<!-- Generated by org.testng.reporters.JUnitXMLReporter -->
<testsuite ignored="0" hostname="Shakhawats-MBP.attlocal.net" failures="0" tests="5" name="SeleniumFramework" time="0.31" errors="0" timestamp="2023-08-14T18:39:18 CDT">
  <testcase classname="utility.BaseClasss" name="@BeforeClass appInit" time="-1.692056358256E9">
    <failure type="org.testng.TestNGException" message="
Parameter &amp;apos;browser&amp;apos; is required by BeforeClass on method appInit but has not been marked @Optional or defined
in /Users/jewel/Library/Caches/JetBrains/IdeaIC2023.1/temp-testng-customsuite.xml">
      <![CDATA[org.testng.TestNGException: 
Parameter 'browser' is required by BeforeClass on method appInit but has not been marked @Optional or defined
in /Users/jewel/Library/Caches/JetBrains/IdeaIC2023.1/temp-testng-customsuite.xml
at java.base/java.util.ArrayList.forEach(ArrayList.java:1511)
at com.intellij.rt.testng.IDEARemoteTestNG.run(IDEARemoteTestNG.java:66)
at com.intellij.rt.testng.RemoteTestNGStarter.main(RemoteTestNGStarter.java:105)
... Removed 19 stack frames]]>
    </failure>
  </testcase> <!-- @BeforeClass appInit -->
  <testcase classname="utility.BaseClasss" name="@AfterClass tearDown" time="-1.692056358556E9">
    <skipped/>
  </testcase> <!-- @AfterClass tearDown -->
  <testcase classname="testClasses.LoginUATest" name="clickOnAccount" time="0.0">
    <skipped/>
  </testcase> <!-- clickOnAccount -->
  <testcase classname="testClasses.LoginUATest" name="enterLoginData" time="0.0">
    <skipped/>
  </testcase> <!-- enterLoginData -->
  <testcase classname="testClasses.LoginUATest" name="enterLoginData" time="0.0">
    <skipped/>
  </testcase> <!-- enterLoginData -->
  <testcase classname="testClasses.LoginUATest" name="enterLoginData" time="0.0">
    <skipped/>
  </testcase> <!-- enterLoginData -->
  <testcase classname="testClasses.LoginUATest" name="enterLoginData" time="0.0">
    <skipped/>
  </testcase> <!-- enterLoginData -->
</testsuite> <!-- SeleniumFramework -->
