<?xml version="1.0" encoding="UTF-8"?>
<!-- Generated by org.testng.reporters.JUnitXMLReporter -->
<testsuite ignored="0" hostname="Shakhawats-MBP.attlocal.net" failures="1" tests="13" name="Registration and Login" time="36.726" errors="0" timestamp="2023-08-01T10:47:42 CDT">
  <testcase classname="testClasses.RegistrationUATest" name="enterFirstName" time="0.089"/>
  <testcase classname="testClasses.RegistrationUATest" name="enterLastName" time="0.029"/>
  <testcase classname="testClasses.RegistrationUATest" name="enterUsername" time="0.03"/>
  <testcase classname="testClasses.RegistrationUATest" name="enterPassword" time="0.038"/>
  <testcase classname="testClasses.RegistrationUATest" name="enterConfirmPassword" time="0.03"/>
  <testcase classname="testClasses.RegistrationUATest" name="enterBirthDay" time="0.035"/>
  <testcase classname="testClasses.RegistrationUATest" name="enterPhoneNumber" time="0.03"/>
  <testcase classname="testClasses.RegistrationUATest" name="enterAddress" time="0.032"/>
  <testcase classname="testClasses.RegistrationUATest" name="enterCity" time="0.029"/>
  <testcase classname="testClasses.RegistrationUATest" name="enterZipCode" time="0.026"/>
  <testcase classname="testClasses.RegistrationUATest" name="enterCountry" time="0.025"/>
  <testcase classname="testClasses.RegistrationUATest" name="enterClick" time="1.08">
    <failure type="org.openqa.selenium.ElementClickInterceptedException" message="element click intercepted: Element is not clickable at point (719, 1256)
  (Session info: chrome=115.0.5790.114)
Build info: version: &amp;apos;4.10.0&amp;apos;, revision: &amp;apos;c14d967899&amp;apos;
System info: os.name: &amp;apos;Mac OS X&amp;apos;, os.arch: &amp;apos;aarch64&amp;apos;, os.version: &amp;apos;13.4.1&amp;apos;, java.version: &amp;apos;20.0.1&amp;apos;
Driver info: org.openqa.selenium.chrome.ChromeDriver
Command: [51ca816d5bf849031ef98b38a0d838b8, clickElement {id=F6F366364B7C017FFE426C76D2F0FF3D_element_57}]
Capabilities {acceptInsecureCerts: false, browserName: chrome, browserVersion: 115.0.5790.114, chrome: {chromedriverVersion: 114.0.5735.90 (386bc09e8f4f..., userDataDir: /var/folders/1l/kg835rgd6gg...}, goog:chromeOptions: {debuggerAddress: localhost:62504}, networkConnectionEnabled: false, pageLoadStrategy: normal, platformName: mac, proxy: Proxy(), se:cdp: ws://localhost:62504/devtoo..., se:cdpVersion: 115.0.5790.114, setWindowRect: true, strictFileInteractability: false, timeouts: {implicit: 0, pageLoad: 300000, script: 30000}, unhandledPromptBehavior: dismiss and notify, webauthn:extension:credBlob: true, webauthn:extension:largeBlob: true, webauthn:extension:minPinLength: true, webauthn:extension:prf: true, webauthn:virtualAuthenticators: true}
Element: [[ChromeDriver: chrome on mac (51ca816d5bf849031ef98b38a0d838b8)] -&amp;gt; name: inputsubmit]
Session ID: 51ca816d5bf849031ef98b38a0d838b8">
      <![CDATA[org.openqa.selenium.ElementClickInterceptedException: element click intercepted: Element is not clickable at point (719, 1256)
  (Session info: chrome=115.0.5790.114)
Build info: version: '4.10.0', revision: 'c14d967899'
System info: os.name: 'Mac OS X', os.arch: 'aarch64', os.version: '13.4.1', java.version: '20.0.1'
Driver info: org.openqa.selenium.chrome.ChromeDriver
Command: [51ca816d5bf849031ef98b38a0d838b8, clickElement {id=F6F366364B7C017FFE426C76D2F0FF3D_element_57}]
Capabilities {acceptInsecureCerts: false, browserName: chrome, browserVersion: 115.0.5790.114, chrome: {chromedriverVersion: 114.0.5735.90 (386bc09e8f4f..., userDataDir: /var/folders/1l/kg835rgd6gg...}, goog:chromeOptions: {debuggerAddress: localhost:62504}, networkConnectionEnabled: false, pageLoadStrategy: normal, platformName: mac, proxy: Proxy(), se:cdp: ws://localhost:62504/devtoo..., se:cdpVersion: 115.0.5790.114, setWindowRect: true, strictFileInteractability: false, timeouts: {implicit: 0, pageLoad: 300000, script: 30000}, unhandledPromptBehavior: dismiss and notify, webauthn:extension:credBlob: true, webauthn:extension:largeBlob: true, webauthn:extension:minPinLength: true, webauthn:extension:prf: true, webauthn:virtualAuthenticators: true}
Element: [[ChromeDriver: chrome on mac (51ca816d5bf849031ef98b38a0d838b8)] -> name: inputsubmit]
Session ID: 51ca816d5bf849031ef98b38a0d838b8
at org.openqa.selenium.remote.codec.w3c.W3CHttpResponseCodec.createException(W3CHttpResponseCodec.java:199)
at org.openqa.selenium.remote.codec.w3c.W3CHttpResponseCodec.decode(W3CHttpResponseCodec.java:132)
at org.openqa.selenium.remote.codec.w3c.W3CHttpResponseCodec.decode(W3CHttpResponseCodec.java:51)
at org.openqa.selenium.remote.HttpCommandExecutor.execute(HttpCommandExecutor.java:191)
at org.openqa.selenium.remote.service.DriverCommandExecutor.invokeExecute(DriverCommandExecutor.java:196)
at org.openqa.selenium.remote.service.DriverCommandExecutor.execute(DriverCommandExecutor.java:171)
at org.openqa.selenium.remote.RemoteWebDriver.execute(RemoteWebDriver.java:531)
at org.openqa.selenium.remote.RemoteWebElement.execute(RemoteWebElement.java:242)
at org.openqa.selenium.remote.RemoteWebElement.click(RemoteWebElement.java:77)
at testClasses.RegistrationUATest.enterClick(RegistrationUATest.java:132)
at java.base/java.util.ArrayList.forEach(ArrayList.java:1511)
at com.intellij.rt.testng.IDEARemoteTestNG.run(IDEARemoteTestNG.java:66)
at com.intellij.rt.testng.RemoteTestNGStarter.main(RemoteTestNGStarter.java:105)
... Removed 25 stack frames]]>
    </failure>
  </testcase> <!-- enterClick -->
  <testcase classname="testClasses.LoginUATest" name="clickOnAccount" time="0.351"/>
</testsuite> <!-- Registration and Login -->
