<?xml version="1.0" encoding="UTF-8"?>
<!-- Generated by org.testng.reporters.JUnitReportReporter -->
<testsuite hostname="Shakhawats-MBP.attlocal.net" failures="0" tests="13" name="testClasses.RegistrationUATest" time="-1690910336.000" errors="1" timestamp="2023-08-01T12:19:48 CDT" skipped="12">
  <testcase classname="testClasses.RegistrationUATest" name="appInit" time="-1690910336.000">
    <error message="
Parameter &#039;browser&#039; is required by BeforeClass on method appInit but has not been marked @Optional or defined
in /Users/jewel/Library/Caches/JetBrains/IdeaIC2023.1/temp-testng-customsuite.xml" type="org.testng.TestNGException">
      <![CDATA[org.testng.TestNGException: 
Parameter 'browser' is required by BeforeClass on method appInit but has not been marked @Optional or defined
in /Users/jewel/Library/Caches/JetBrains/IdeaIC2023.1/temp-testng-customsuite.xml
at org.testng.internal.Parameters.createParams(Parameters.java:270)
at org.testng.internal.Parameters.createParametersForMethod(Parameters.java:358)
at org.testng.internal.Parameters.createParameters(Parameters.java:700)
at org.testng.internal.Parameters.createConfigurationParameters(Parameters.java:168)
at org.testng.internal.ConfigInvoker.invokeConfigurations(ConfigInvoker.java:302)
at org.testng.internal.TestMethodWorker.invokeBeforeClassMethods(TestMethodWorker.java:176)
at org.testng.internal.TestMethodWorker.run(TestMethodWorker.java:122)
at java.base/java.util.ArrayList.forEach(ArrayList.java:1511)
at org.testng.TestRunner.privateRun(TestRunner.java:794)
at org.testng.TestRunner.run(TestRunner.java:596)
at org.testng.SuiteRunner.runTest(SuiteRunner.java:377)
at org.testng.SuiteRunner.runSequentially(SuiteRunner.java:371)
at org.testng.SuiteRunner.privateRun(SuiteRunner.java:332)
at org.testng.SuiteRunner.run(SuiteRunner.java:276)
at org.testng.SuiteRunnerWorker.runSuite(SuiteRunnerWorker.java:53)
at org.testng.SuiteRunnerWorker.run(SuiteRunnerWorker.java:96)
at org.testng.TestNG.runSuitesSequentially(TestNG.java:1212)
at org.testng.TestNG.runSuitesLocally(TestNG.java:1134)
at org.testng.TestNG.runSuites(TestNG.java:1063)
at org.testng.TestNG.run(TestNG.java:1031)
at com.intellij.rt.testng.IDEARemoteTestNG.run(IDEARemoteTestNG.java:66)
at com.intellij.rt.testng.RemoteTestNGStarter.main(RemoteTestNGStarter.java:105)
]]>
    </error>
  </testcase> <!-- appInit -->
  <system-out/>
  <testcase classname="testClasses.RegistrationUATest" name="enterFirstName" time="0.000">
    <skipped/>
  </testcase> <!-- enterFirstName -->
  <system-out/>
  <testcase classname="testClasses.RegistrationUATest" name="enterLastName" time="0.000">
    <skipped/>
  </testcase> <!-- enterLastName -->
  <system-out/>
  <testcase classname="testClasses.RegistrationUATest" name="enterUsername" time="0.000">
    <skipped/>
  </testcase> <!-- enterUsername -->
  <system-out/>
  <testcase classname="testClasses.RegistrationUATest" name="enterPassword" time="0.000">
    <skipped/>
  </testcase> <!-- enterPassword -->
  <system-out/>
  <testcase classname="testClasses.RegistrationUATest" name="enterConfirmPassword" time="0.000">
    <skipped/>
  </testcase> <!-- enterConfirmPassword -->
  <system-out/>
  <testcase classname="testClasses.RegistrationUATest" name="enterBirthDay" time="0.000">
    <skipped/>
  </testcase> <!-- enterBirthDay -->
  <system-out/>
  <testcase classname="testClasses.RegistrationUATest" name="enterPhoneNumber" time="0.000">
    <skipped/>
  </testcase> <!-- enterPhoneNumber -->
  <system-out/>
  <testcase classname="testClasses.RegistrationUATest" name="enterAddress" time="0.000">
    <skipped/>
  </testcase> <!-- enterAddress -->
  <system-out/>
  <testcase classname="testClasses.RegistrationUATest" name="enterCity" time="0.000">
    <skipped/>
  </testcase> <!-- enterCity -->
  <system-out/>
  <testcase classname="testClasses.RegistrationUATest" name="enterZipCode" time="0.000">
    <skipped/>
  </testcase> <!-- enterZipCode -->
  <system-out/>
  <testcase classname="testClasses.RegistrationUATest" name="enterCountry" time="0.000">
    <skipped/>
  </testcase> <!-- enterCountry -->
  <system-out/>
  <testcase classname="testClasses.RegistrationUATest" name="enterClick" time="0.000">
    <skipped/>
  </testcase> <!-- enterClick -->
  <system-out/>
</testsuite> <!-- testClasses.RegistrationUATest -->
